# JRE version: Java(TM) SE Runtime Environment (8.0_91-b14) (build 1.8.0_91-b14)
# Java VM: Java HotSpot(TM) 64-Bit Server VM (25.91-b14 mixed mode windows-amd64 compressed oops)
Heap:
 PSYoungGen      total 53248K, used 15209K [0x00000000e0980000, 0x00000000e7180000, 0x0000000100000000)
  eden space 49152K, 30% used [0x00000000e0980000,0x00000000e185a558,0x00000000e3980000)
  from space 4096K, 0% used [0x00000000e3980000,0x00000000e3980000,0x00000000e3d80000)
  to   space 4096K, 0% used [0x00000000e6d80000,0x00000000e6d80000,0x00000000e7180000)
 ParOldGen       total 46592K, used 9090K [0x00000000a1c00000, 0x00000000a4980000, 0x00000000e0980000)
  object space 46592K, 19% used [0x00000000a1c00000,0x00000000a24e0b00,0x00000000a4980000)
 Metaspace       used 23212K, capacity 23528K, committed 23936K, reserved 1071104K
  class space    used 3045K, capacity 3146K, committed 3200K, reserved 1048576K
GC Heap History (8 events):
Event: 0.228 GC heap before
{Heap before GC invocations=1 (full 0):
 PSYoungGen      total 28672K, used 24564K [0x00000000e0980000, 0x00000000e2980000, 0x0000000100000000)
  eden space 24576K, 99% used [0x00000000e0980000,0x00000000e217d220,0x00000000e2180000)
  from space 4096K, 0% used [0x00000000e2580000,0x00000000e2580000,0x00000000e2980000)
  to   space 4096K, 0% used [0x00000000e2180000,0x00000000e2180000,0x00000000e2580000)
 ParOldGen       total 65536K, used 0K [0x00000000a1c00000, 0x00000000a5c00000, 0x00000000e0980000)
  object space 65536K, 0% used [0x00000000a1c00000,0x00000000a1c00000,0x00000000a5c00000)
 Metaspace       used 2874K, capacity 4486K, committed 4864K, reserved 1056768K
  class space    used 309K, capacity 386K, committed 512K, reserved 1048576K
Event: 0.236 GC heap after
Heap after GC invocations=1 (full 0):
 PSYoungGen      total 28672K, used 825K [0x00000000e0980000, 0x00000000e4180000, 0x0000000100000000)
  eden space 24576K, 0% used [0x00000000e0980000,0x00000000e0980000,0x00000000e2180000)
  from space 4096K, 20% used [0x00000000e2180000,0x00000000e224e490,0x00000000e2580000)
  to   space 4096K, 0% used [0x00000000e3d80000,0x00000000e3d80000,0x00000000e4180000)
 ParOldGen       total 65536K, used 0K [0x00000000a1c00000, 0x00000000a5c00000, 0x00000000e0980000)
  object space 65536K, 0% used [0x00000000a1c00000,0x00000000a1c00000,0x00000000a5c00000)
 Metaspace       used 2874K, capacity 4486K, committed 4864K, reserved 1056768K
  class space    used 309K, capacity 386K, committed 512K, reserved 1048576K
}
Event: 3.169 GC heap before
{Heap before GC invocations=2 (full 0):
 PSYoungGen      total 28672K, used 25401K [0x00000000e0980000, 0x00000000e4180000, 0x0000000100000000)
  eden space 24576K, 100% used [0x00000000e0980000,0x00000000e2180000,0x00000000e2180000)
  from space 4096K, 20% used [0x00000000e2180000,0x00000000e224e490,0x00000000e2580000)
  to   space 4096K, 0% used [0x00000000e3d80000,0x00000000e3d80000,0x00000000e4180000)
 ParOldGen       total 65536K, used 0K [0x00000000a1c00000, 0x00000000a5c00000, 0x00000000e0980000)
  object space 65536K, 0% used [0x00000000a1c00000,0x00000000a1c00000,0x00000000a5c00000)
 Metaspace       used 12058K, capacity 12322K, committed 12672K, reserved 1060864K
  class space    used 1535K, capacity 1607K, committed 1664K, reserved 1048576K
Event: 3.174 GC heap after
Heap after GC invocations=2 (full 0):
 PSYoungGen      total 53248K, used 4076K [0x00000000e0980000, 0x00000000e4180000, 0x0000000100000000)
  eden space 49152K, 0% used [0x00000000e0980000,0x00000000e0980000,0x00000000e3980000)
  from space 4096K, 99% used [0x00000000e3d80000,0x00000000e417b0a8,0x00000000e4180000)
  to   space 4096K, 0% used [0x00000000e3980000,0x00000000e3980000,0x00000000e3d80000)
 ParOldGen       total 65536K, used 243K [0x00000000a1c00000, 0x00000000a5c00000, 0x00000000e0980000)
  object space 65536K, 0% used [0x00000000a1c00000,0x00000000a1c3ce40,0x00000000a5c00000)
 Metaspace       used 12058K, capacity 12322K, committed 12672K, reserved 1060864K
  class space    used 1535K, capacity 1607K, committed 1664K, reserved 1048576K
}
Event: 5.606 GC heap before
{Heap before GC invocations=3 (full 0):
 PSYoungGen      total 53248K, used 46820K [0x00000000e0980000, 0x00000000e4180000, 0x0000000100000000)
  eden space 49152K, 86% used [0x00000000e0980000,0x00000000e333e328,0x00000000e3980000)
  from space 4096K, 99% used [0x00000000e3d80000,0x00000000e417b0a8,0x00000000e4180000)
  to   space 4096K, 0% used [0x00000000e3980000,0x00000000e3980000,0x00000000e3d80000)
 ParOldGen       total 65536K, used 243K [0x00000000a1c00000, 0x00000000a5c00000, 0x00000000e0980000)
  object space 65536K, 0% used [0x00000000a1c00000,0x00000000a1c3ce40,0x00000000a5c00000)
 Metaspace       used 20884K, capacity 21100K, committed 21248K, reserved 1067008K
  class space    used 2717K, capacity 2786K, committed 2816K, reserved 1048576K
Event: 5.616 GC heap after
Heap after GC invocations=3 (full 0):
 PSYoungGen      total 53248K, used 4092K [0x00000000e0980000, 0x00000000e7180000, 0x0000000100000000)
  eden space 49152K, 0% used [0x00000000e0980000,0x00000000e0980000,0x00000000e3980000)
  from space 4096K, 99% used [0x00000000e3980000,0x00000000e3d7f290,0x00000000e3d80000)
  to   space 4096K, 0% used [0x00000000e6d80000,0x00000000e6d80000,0x00000000e7180000)
 ParOldGen       total 65536K, used 5525K [0x00000000a1c00000, 0x00000000a5c00000, 0x00000000e0980000)
  object space 65536K, 8% used [0x00000000a1c00000,0x00000000a2165708,0x00000000a5c00000)
 Metaspace       used 20884K, capacity 21100K, committed 21248K, reserved 1067008K
  class space    used 2717K, capacity 2786K, committed 2816K, reserved 1048576K
}
Event: 5.616 GC heap before
{Heap before GC invocations=4 (full 1):
 PSYoungGen      total 53248K, used 4092K [0x00000000e0980000, 0x00000000e7180000, 0x0000000100000000)
  eden space 49152K, 0% used [0x00000000e0980000,0x00000000e0980000,0x00000000e3980000)
  from space 4096K, 99% used [0x00000000e3980000,0x00000000e3d7f290,0x00000000e3d80000)
  to   space 4096K, 0% used [0x00000000e6d80000,0x00000000e6d80000,0x00000000e7180000)
 ParOldGen       total 65536K, used 5525K [0x00000000a1c00000, 0x00000000a5c00000, 0x00000000e0980000)
  object space 65536K, 8% used [0x00000000a1c00000,0x00000000a2165708,0x00000000a5c00000)
 Metaspace       used 20884K, capacity 21100K, committed 21248K, reserved 1067008K
  class space    used 2717K, capacity 2786K, committed 2816K, reserved 1048576K
Event: 5.648 GC heap after
Heap after GC invocations=4 (full 1):
 PSYoungGen      total 53248K, used 0K [0x00000000e0980000, 0x00000000e7180000, 0x0000000100000000)
  eden space 49152K, 0% used [0x00000000e0980000,0x00000000e0980000,0x00000000e3980000)
  from space 4096K, 0% used [0x00000000e3980000,0x00000000e3980000,0x00000000e3d80000)
  to   space 4096K, 0% used [0x00000000e6d80000,0x00000000e6d80000,0x00000000e7180000)
 ParOldGen       total 46592K, used 9090K [0x00000000a1c00000, 0x00000000a4980000, 0x00000000e0980000)
  object space 46592K, 19% used [0x00000000a1c00000,0x00000000a24e0b00,0x00000000a4980000)
 Metaspace       used 20884K, capacity 21100K, committed 21248K, reserved 1067008K
  class space    used 2717K, capacity 2786K, committed 2816K, reserved 1048576K
}

